model-1666005428,1666005441,in_sample,0.81,0.1471
model-1666005428,1666005441,in_sample,0.71,0.1636
model-1666005428,1666005441,in_sample,0.71,0.1772
model-1666005428,1666005441,in_sample,0.81,0.1373
model-1666005428,1666005441,in_sample,0.85,0.1444
model-1666005428,1666005441,in_sample,0.8,0.1355
model-1666005428,1666005441,in_sample,0.76,0.1578
model-1666005428,1666005441,in_sample,0.8,0.1419
model-1666005428,1666005441,in_sample,1.0,0.0346
model-1666005428,1666005441,in_sample,0.83,0.1224
model-1666005428,1666005441,in_sample,0.84,0.1152
model-1666005428,1666005441,in_sample,0.71,0.1885
model-1666005428,1666005441,in_sample,0.81,0.1262
model-1666005428,1666005441,in_sample,0.88,0.0994
model-1666005428,1666005441,in_sample,0.86,0.1015
model-1666005428,1666005441,in_sample,0.81,0.1433
model-1666005428,1666005441,in_sample,0.82,0.1165
model-1666005428,1666005441,in_sample,1.0,0.0325
model-1666005428,1666005441,in_sample,0.84,0.1204
model-1666005428,1666005441,in_sample,0.84,0.0988
model-1666005428,1666005442,in_sample,0.76,0.163
model-1666005428,1666005442,in_sample,0.87,0.0995
model-1666005428,1666005442,in_sample,0.89,0.0986
model-1666005428,1666005442,in_sample,0.88,0.0948
model-1666005428,1666005442,in_sample,0.83,0.1371
model-1666005428,1666005442,in_sample,0.84,0.11
model-1666005428,1666005442,in_sample,1.0,0.0276
model-1666005428,1666005621,in_sample,0.86,0.1079
model-1666005428,1666005621,in_sample,0.88,0.0897
model-1666005428,1666005621,in_sample,0.79,0.158
model-1666005428,1666005621,in_sample,0.87,0.087
model-1666005428,1666005621,in_sample,0.89,0.096
model-1666005428,1666005621,in_sample,0.91,0.0784
model-1666005428,1666005621,in_sample,0.84,0.124
model-1666005428,1666005621,in_sample,0.84,0.1027
model-1666005428,1666005621,in_sample,1.0,0.01
model-1666005428,1666005621,in_sample,0.9,0.0918
model-1666005428,1666005621,in_sample,0.93,0.0736
model-1666005428,1666005621,in_sample,0.82,0.1307
model-1666005428,1666005622,in_sample,0.88,0.0818
model-1666005428,1666005622,in_sample,0.89,0.0821
model-1666005428,1666005622,in_sample,0.92,0.0677
model-1666005428,1666005622,in_sample,0.84,0.118
model-1666005428,1666005622,in_sample,0.87,0.0948
model-1666005428,1666005622,in_sample,1.0,0.0112
model-1666005428,1666005622,in_sample,0.89,0.0831
model-1666005428,1666005622,in_sample,0.92,0.0752
model-1666005428,1666005622,in_sample,0.83,0.1139
model-1666005428,1666005622,in_sample,0.89,0.0698
model-1666005428,1666005622,in_sample,0.85,0.0908
model-1666005428,1666005622,in_sample,0.9,0.0667
model-1666005428,1666005622,in_sample,0.8,0.1254
model-1666005428,1666005622,in_sample,0.89,0.0829
model-1666005428,1666005622,in_sample,1.0,0.0175
model-1666005428,1666007116,in_sample,0.89,0.085
model-1666005428,1666007117,in_sample,0.91,0.0877
model-1666005428,1666007117,in_sample,0.79,0.1629
model-1666005428,1666007117,in_sample,0.91,0.0663
model-1666005428,1666007117,in_sample,0.88,0.0918
model-1666005428,1666007117,in_sample,0.86,0.0946
model-1666005428,1666007117,in_sample,0.9,0.0964
model-1666005428,1666007117,in_sample,0.86,0.0912
model-1666005428,1666007117,in_sample,1.0,0.0096
model-1666005428,1666007117,in_sample,0.88,0.0989
model-1666005428,1666007117,in_sample,0.89,0.0917
model-1666005428,1666007117,in_sample,0.87,0.0967
model-1666005428,1666007117,in_sample,0.88,0.0664
model-1666005428,1666007117,in_sample,0.86,0.1101
model-1666005428,1666007117,in_sample,0.93,0.0659
model-1666005428,1666007117,in_sample,0.91,0.0959
model-1666005428,1666007117,in_sample,0.92,0.073
model-1666005428,1666007117,in_sample,1.0,0.0006
model-1666005428,1666007117,in_sample,0.88,0.0904
model-1666005428,1666007117,in_sample,0.88,0.0986
model-1666005428,1666007117,in_sample,0.88,0.0888
model-1666005428,1666007117,in_sample,0.91,0.0595
model-1666005428,1666007117,in_sample,0.89,0.0825
model-1666005428,1666007117,in_sample,0.91,0.0665
model-1666005428,1666007117,in_sample,0.88,0.0947
model-1666005428,1666007117,in_sample,0.9,0.0756
model-1666005428,1666007117,in_sample,1.0,0.0006
model-1666005428,1666007117,in_sample,0.91,0.0853
model-1666005428,1666007117,in_sample,0.86,0.1071
model-1666005428,1666007117,in_sample,0.92,0.0735
model-1666005428,1666007117,in_sample,0.92,0.0482
model-1666005428,1666007117,in_sample,0.86,0.1005
model-1666005428,1666007117,in_sample,0.89,0.0757
model-1666005428,1666007117,in_sample,0.91,0.0862
model-1666005428,1666007118,in_sample,0.92,0.061
model-1666005428,1666007118,in_sample,1.0,0.0025
model-1666005428,1666007118,in_sample,0.89,0.0933
model-1666005428,1666007118,in_sample,0.88,0.0954
model-1666005428,1666007118,in_sample,0.87,0.0909
model-1666005428,1666007118,in_sample,0.93,0.0443
model-1666005428,1666007118,in_sample,0.9,0.0715
model-1666005428,1666007118,in_sample,0.9,0.0723
model-1666005428,1666007118,in_sample,0.83,0.1128
model-1666005428,1666007118,in_sample,0.88,0.0847
model-1666005428,1666007118,in_sample,1.0,0.0032
model-1666005428,1666007118,in_sample,0.91,0.0681
model-1666005428,1666007118,in_sample,0.92,0.082
model-1666005428,1666007118,in_sample,0.88,0.0803
model-1666005428,1666007118,in_sample,0.89,0.0781
model-1666005428,1666007118,in_sample,0.94,0.0584
model-1666005428,1666007118,in_sample,0.94,0.0524
model-1666005428,1666007118,in_sample,0.83,0.1104
model-1666005428,1666007118,in_sample,0.92,0.067
model-1666005428,1666007118,in_sample,1.0,0.0032
model-1666005428,1666007118,in_sample,0.88,0.0793
model-1666005428,1666007118,in_sample,0.92,0.0687
model-1666005428,1666007118,in_sample,0.94,0.0545
model-1666005428,1666007118,in_sample,0.88,0.0825
model-1666005428,1666007118,in_sample,0.9,0.0684
model-1666005428,1666007118,in_sample,0.95,0.0459
model-1666005428,1666007118,in_sample,0.92,0.0679
model-1666005428,1666007118,in_sample,0.92,0.0549
model-1666005428,1666007118,in_sample,1.0,0.0027
model-1666005428,1666007118,in_sample,0.89,0.0874
model-1666005428,1666007118,in_sample,0.9,0.063
model-1666005428,1666007118,in_sample,0.88,0.0737
model-1666005428,1666007118,in_sample,0.93,0.0456
model-1666005428,1666007118,in_sample,0.92,0.0682
model-1666005428,1666007118,in_sample,0.88,0.0664
model-1666005428,1666007118,in_sample,0.88,0.0803
model-1666005428,1666007118,in_sample,0.94,0.0444
model-1666005428,1666007118,in_sample,1.0,0.0021
model-1666005428,1666007118,in_sample,0.86,0.1063
model-1666005428,1666007118,in_sample,0.88,0.0829
model-1666005428,1666007119,in_sample,0.89,0.0639
model-1666005428,1666007119,in_sample,0.96,0.0287
model-1666005428,1666007119,in_sample,0.93,0.0546
model-1666005428,1666007119,in_sample,0.91,0.065
model-1666005428,1666007119,in_sample,0.87,0.0861
model-1666005428,1666007119,in_sample,0.92,0.0644
model-1666005428,1666007119,in_sample,1.0,0.0015
model-1666005428,1666007119,in_sample,0.95,0.0569
model-1666005428,1666007119,in_sample,0.93,0.0494
model-1666005428,1666007119,in_sample,0.89,0.0753
model-1666005428,1666007119,in_sample,0.92,0.0446
model-1666005428,1666007119,in_sample,0.91,0.0619
model-1666005428,1666007119,in_sample,0.95,0.0383
model-1666005428,1666007119,in_sample,0.95,0.0544
model-1666005428,1666007119,in_sample,0.95,0.0524
model-1666005428,1666007119,in_sample,1.0,0.0014
model-1666005428,1666007119,in_sample,0.92,0.0562
model-1666005428,1666007119,in_sample,0.96,0.044
model-1666005428,1666007119,in_sample,0.98,0.0228
model-1666005428,1666007119,in_sample,0.99,0.0181
model-1666005428,1666007119,in_sample,0.91,0.0544
model-1666005428,1666007119,in_sample,0.96,0.0266
model-1666005428,1666007119,in_sample,0.95,0.0507
model-1666005428,1666007119,in_sample,0.96,0.039
model-1666005428,1666007119,in_sample,1.0,0.0001
model-1666005428,1666007119,in_sample,0.95,0.0472
model-1666005428,1666007119,in_sample,0.96,0.037
model-1666005428,1666007119,in_sample,0.98,0.0192
model-1666005428,1666007119,in_sample,1.0,0.0087
model-1666005428,1666007119,in_sample,0.98,0.0291
model-1666005428,1666007119,in_sample,0.98,0.019
model-1666005428,1666007119,in_sample,0.95,0.0449
model-1666005428,1666007119,in_sample,0.98,0.0202
model-1666005428,1666007119,in_sample,1.0,0.0001
model-1666005428,1666007119,in_sample,0.96,0.0422
model-1666005428,1666007119,in_sample,0.97,0.0317
model-1666005428,1666007119,in_sample,0.99,0.014
model-1666005428,1666007119,in_sample,0.99,0.0099
model-1666005428,1666007120,in_sample,0.97,0.0256
model-1666005428,1666007120,in_sample,0.98,0.0164
model-1666005428,1666007120,in_sample,0.96,0.0365
model-1666005428,1666007120,in_sample,0.98,0.019
model-1666005428,1666007120,in_sample,1.0,0.0
model-1666005428,1666007120,in_sample,0.98,0.0234
model-1666005428,1666007120,in_sample,0.98,0.025
model-1666005428,1666007120,in_sample,0.99,0.0122
model-1666005428,1666007120,in_sample,0.99,0.0085
model-1666005428,1666007120,in_sample,0.98,0.0193
model-1666005428,1666007120,in_sample,0.99,0.0073
model-1666005428,1666007120,in_sample,0.97,0.0324
model-1666005428,1666007120,in_sample,0.99,0.0079
model-1666005428,1666007120,in_sample,1.0,0.0001
model-1666005428,1666007120,in_sample,0.97,0.0311
model-1666005428,1666007120,in_sample,0.98,0.0248
model-1666005428,1666007120,in_sample,0.99,0.0111
model-1666005428,1666007120,in_sample,1.0,0.0049
model-1666005428,1666007120,in_sample,0.96,0.0295
model-1666005428,1666007120,in_sample,0.99,0.0086
model-1666005428,1666007120,in_sample,0.97,0.0325
model-1666005428,1666007120,in_sample,0.99,0.0067
model-1666005428,1666007120,in_sample,1.0,0.0001
